#===============================================================================
# Copyright 2014 Intel Corporation
#
# Licensed under the Apache License, Version 2.0 (the "License");
# you may not use this file except in compliance with the License.
# You may obtain a copy of the License at
#
#     http://www.apache.org/licenses/LICENSE-2.0
#
# Unless required by applicable law or agreed to in writing, software
# distributed under the License is distributed on an "AS IS" BASIS,
# WITHOUT WARRANTIES OR CONDITIONS OF ANY KIND, either express or implied.
# See the License for the specific language governing permissions and
# limitations under the License.
#===============================================================================

##  Content:
##     oneAPI Data Analytics Library algorithms list
##******************************************************************************

CORE.ALGORITHMS.CUSTOM.AVAILABLE := low_order_moments quantiles covariance cosdistance cordistance kmeans pca cholesky \
                svd assocrules qr em outlierdetection_bacon outlierdetection_multivariate outlierdetection_univariate  \
                kernel_function sorting normalization optimization_solver objective_function decision_tree             \
                dtrees/gbt dtrees/forest linear_regression ridge_regression naivebayes stump adaboost brownboost       \
                logitboost svm multiclassclassifier k_nearest_neighbors logistic_regression implicit_als               \
                coordinate_descent jaccard triangle_counting shortest_paths subgraph_isomorphism connected_components  \
                louvain tsne

classifier += classifier/inner
low_order_moments +=
quantiles +=
covariance +=
cosdistance +=
cordistance += covariance
elastic_net += linear_model regression optimization_solver objective_function engines
kmeans += engines distributions
pca += pca/metrics pca/transform svd covariance low_order_moments normalization
cholesky +=
svd +=
assocrules +=
qr +=
em += covariance engines distributions
outlierdetection_bacon +=
outlierdetection_multivariate +=
outlierdetection_univariate +=
kernel_function += kernel_function/polynomial
sorting +=
normalization += normalization/minmax normalization/zscore low_order_moments
optimization_solver += optimization_solver/adagrad optimization_solver/lbfgs optimization_solver/sgd optimization_solver/saga optimization_solver/coordinate_descent objective_function engines distributions
coordinate_descent += optimization_solver/coordinate_descent objective_function engines distributions
objective_function += objective_function/cross_entropy_loss objective_function/logistic_loss objective_function/mse
decision_tree += regression classifier
dtrees/gbt += dtrees dtrees/gbt/classification dtrees/gbt/regression engines classifier regression objective_function
dtrees/forest += dtrees dtrees/regression dtrees/forest/classification dtrees/forest/regression engines classifier regression distributions
linear_regression += linear_model regression
lasso_regression += linear_model regression optimization_solver objective_function engines
ridge_regression += linear_model regression
naivebayes += classifier
stump += classifier
adaboost += classifier decision_tree stump
brownboost += classifier decision_tree stump
logitboost += classifier regression decision_tree stump
svm += classifier kernel_function multiclassclassifier
multiclassclassifier += classifier
k_nearest_neighbors += engines classifier
logistic_regression += classifier optimization_solver objective_function engines
implicit_als += engines distributions
engines += engines/mt19937 engines/mcg59 engines/mrg32k3a engines/philox4x32x10 engines/mt2203
distributions += distributions/bernoulli distributions/normal distributions/uniform
tsne +=

CORE.ALGORITHMS.FULL :=                                                       \
    adaboost                                                                  \
    assocrules                                                                \
    brownboost                                                                \
    cholesky                                                                  \
    classifier                                                                \
    cordistance                                                               \
    cosdistance                                                               \
    covariance                                                                \
    decision_tree                                                             \
    distributions                                                             \
    distributions/bernoulli                                                   \
    distributions/normal                                                      \
    distributions/uniform                                                     \
    dtrees                                                                    \
    dtrees/forest                                                             \
    dtrees/forest/classification                                              \
    dtrees/forest/regression                                                  \
    dtrees/gbt                                                                \
    dtrees/gbt/regression                                                     \
    dtrees/gbt/classification                                                 \
    dtrees/regression                                                         \
    dbscan                                                                    \
    elastic_net                                                               \
    engines                                                                   \
    engines/mcg59                                                             \
    engines/mrg32k3a                                                          \
    engines/philox4x32x10                                                     \
    engines/mt19937                                                           \
    engines/mt2203                                                            \
    em                                                                        \
    implicit_als                                                              \
    kernel_function                                                           \
    kernel_function/polynomial                                                \
    kmeans                                                                    \
    k_nearest_neighbors                                                       \
    lbfgs                                                                     \
    linear_model                                                              \
    lasso_regression                                                          \
    linear_regression                                                         \
    logistic_regression                                                       \
    logitboost                                                                \
    low_order_moments                                                         \
    multiclassclassifier                                                      \
    naivebayes                                                                \
    normalization/minmax                                                      \
    normalization/zscore                                                      \
    objective_function                                                        \
    objective_function/cross_entropy_loss                                     \
    objective_function/logistic_loss                                          \
    objective_function/mse                                                    \
    optimization_solver                                                       \
    optimization_solver/sgd                                                   \
    optimization_solver/lbfgs                                                 \
    optimization_solver/adagrad                                               \
    optimization_solver/saga                                                  \
    optimization_solver/coordinate_descent                                    \
    outlierdetection_multivariate                                             \
    outlierdetection_bacon                                                    \
    outlierdetection_univariate                                               \
    pca                                                                       \
    pca/metrics                                                               \
    pca/transform                                                             \
    pivoted_qr                                                                \
    qr                                                                        \
    quantiles                                                                 \
    regression                                                                \
    ridge_regression                                                          \
    sgd                                                                       \
    sorting                                                                   \
    stump                                                                     \
    svd                                                                       \
    svm                                                                       \
    weak_learner/inner                                                        \
    tsne

CORE.ALGORITHMS := $(if $(CORE.ALGORITHMS.CUSTOM), $(CORE.ALGORITHMS.CUSTOM), $(CORE.ALGORITHMS.FULL))
CORE.ALGORITHMS := $(sort $(foreach alg,$(CORE.ALGORITHMS),$(foreach alg1,$($(alg)),$(foreach alg2,$($(alg1)),$($(alg2)) $(alg2)) $(alg1)) $(alg)))

CORE.ALGORITHMS.INC :=                                                        \
    association_rules                                                         \
    boosting                                                                  \
    cholesky                                                                  \
    classifier                                                                \
    covariance                                                                \
    decision_forest                                                           \
    decision_tree                                                             \
    distance                                                                  \
    distributions                                                             \
    dbscan                                                                    \
    elastic_net                                                               \
    engines                                                                   \
    em                                                                        \
    gradient_boosted_trees                                                    \
    implicit_als                                                              \
    kernel_function                                                           \
    kmeans                                                                    \
    k_nearest_neighbors                                                       \
    lasso_regression                                                          \
    linear_model                                                              \
    linear_regression                                                         \
    logistic_regression                                                       \
    moments                                                                   \
    multi_class_classifier                                                    \
    naive_bayes                                                               \
    normalization                                                             \
    optimization_solver                                                       \
    optimization_solver/adagrad                                               \
    optimization_solver/iterative_solver                                      \
    optimization_solver/lbfgs                                                 \
    optimization_solver/objective_function                                    \
    optimization_solver/precomputed                                           \
    optimization_solver/sgd                                                   \
    optimization_solver/saga                                                  \
    optimization_solver/coordinate_descent                                    \
    outlier_detection                                                         \
    pca                                                                       \
    pca/metrics                                                               \
    pca/transform                                                             \
    pivoted_qr                                                                \
    qr                                                                        \
    quantiles                                                                 \
    regression                                                                \
    ridge_regression                                                          \
    sorting                                                                   \
    stump                                                                     \
    svd                                                                       \
    svm                                                                       \
    tree_utils                                                                \
    weak_learner                                                              \
    tsne


CORE.SERVICES       := data_management

# Dependencies between oneAPI and core (CPU-only) algorithms
ONEAPI.ALGOS.basic_statistics := CORE.moments
ONEAPI.ALGOS.covariance    := CORE.covariance
ONEAPI.ALGOS.dbscan := CORE.dbscan
ONEAPI.ALGOS.decision_forest := CORE.decision_forest decision_tree
ONEAPI.ALGOS.kmeans := CORE.kmeans
ONEAPI.ALGOS.kmeans_init := CORE.kmeans
ONEAPI.ALGOS.knn := CORE.k_nearest_neighbors
ONEAPI.ALGOS.linear_kernel := CORE.kernel_function
ONEAPI.ALGOS.objective_function := CORE.objective_function
ONEAPI.ALGOS.pca           := CORE.pca
ONEAPI.ALGOS.polynomial_kernel := CORE.kernel_function
ONEAPI.ALGOS.sigmoid_kernel := CORE.kernel_function
ONEAPI.ALGOS.rbf_kernel    := CORE.kernel_function
ONEAPI.ALGOS.svm           := CORE.svm

# List of algorithms in oneAPI part

ONEAPI.ALGOS :=          \
    basic_statistics     \
    chebyshev_distance   \
    correlation_distance \
    cosine_distance      \
    covariance           \
    dbscan               \
    decision_forest      \
    decision_tree        \
    finiteness_checker   \
    kmeans               \
    kmeans_init          \
    knn                  \
    linear_kernel        \
    linear_regression    \
    logistic_regression  \
    logloss_objective    \
    louvain              \
    newton_cg            \
    minkowski_distance   \
    objective_function   \
    pca                  \
    polynomial_kernel    \
    sigmoid_kernel       \
    rbf_kernel           \
    svm                  \
    jaccard              \
    triangle_counting    \
    shortest_paths       \
    subgraph_isomorphism \
    connected_components


ONEAPI.IO :=     \
    csv
